<?xml version="1.0" encoding="UTF-8"?>
<!-- Generated by org.testng.reporters.JUnitXMLReporter -->
<testsuite ignored="5" hostname="DESKTOP-MDSEOLU" failures="0" tests="1" name="Default test" time="42.773" errors="0" timestamp="2024-06-10T16:34:29 IST">
  <testcase classname="tests.NaukriLoginTest" name="testregistertab" time="0.652"/>
  <testcase classname="tests.NaukriLoginTest" name="testinputField" time="0.0">
    <ignored/>
  </testcase> <!-- testinputField -->
  <testcase classname="tests.NaukriLoginTest" name="testUrLValidation" time="0.0">
    <ignored/>
  </testcase> <!-- testUrLValidation -->
  <testcase classname="tests.NaukriLoginTest" name="testloginbutton" time="0.0">
    <ignored/>
  </testcase> <!-- testloginbutton -->
  <testcase classname="tests.NaukriLoginTest" name="testTitleValidation" time="0.0">
    <ignored/>
  </testcase> <!-- testTitleValidation -->
  <testcase classname="tests.NaukriLoginTest" name="testloginTab" time="0.0">
    <ignored/>
  </testcase> <!-- testloginTab -->
</testsuite> <!-- Default test -->
