<?xml version="1.0" encoding="UTF-8"?>
<!-- Generated by org.testng.reporters.JUnitXMLReporter -->
<testsuite ignored="3" hostname="DESKTOP-MDSEOLU" failures="0" tests="2" name="Test" time="0.289" errors="0" timestamp="2024-06-09T12:18:06 IST">
  <testcase classname="TestNGGroup.TestngGroup1" name="test1" time="0.022"/>
  <testcase classname="TestNGGroup.TestngGroup1" name="test3" time="0.007"/>
  <testcase classname="TestNGGroup.TestngGroup1" name="test5" time="0.0">
    <ignored/>
  </testcase> <!-- test5 -->
  <testcase classname="TestNGGroup.TestngGroup1" name="test4" time="0.0">
    <ignored/>
  </testcase> <!-- test4 -->
  <testcase classname="TestNGGroup.TestngGroup1" name="test2" time="0.0">
    <ignored/>
  </testcase> <!-- test2 -->
</testsuite> <!-- Test -->
